{
  "RSpec": {
    "coverage": {
      "/Users/Jorge/Dropbox/projects/arepa/app/controllers/application_controller.rb": [
        1,
        1,
        null
      ],
      "/Users/Jorge/Dropbox/projects/arepa/app/helpers/application_helper.rb": [
        1,
        null
      ],
      "/Users/Jorge/Dropbox/projects/arepa/app/helpers/dashboard_helper.rb": [
        1,
        null
      ],
      "/Users/Jorge/Dropbox/projects/arepa/app/controllers/dashboard_controller.rb": [
        1,
        1,
        0,
        null,
        null,
        1,
        0,
        null,
        0,
        null,
        null
      ],
      "/Users/Jorge/Dropbox/projects/arepa/app/models/tweet.rb": [
        1,
        1,
        null,
        null,
        null,
        null,
        1,
        0,
        0,
        null,
        null,
        1,
        null,
        1,
        0,
        null,
        null,
        1,
        0,
        null,
        null,
        null,
        null,
        null,
        1,
        0,
        null,
        null
      ],
      "/Users/Jorge/Dropbox/projects/arepa/app/services/twitter_service.rb": [
        1,
        null,
        1,
        0,
        null,
        0,
        0,
        0,
        null,
        null,
        0,
        null,
        null,
        1,
        0,
        null,
        null
      ]
    },
    "timestamp": 1370640686
  }
}
